<?xml version="1.0" encoding="UTF-8" ?>
<testsuite errors="0" failures="0" hostname="li13-4" name="se.liu.ida.tdp024.account.data.test.facade.AccountEntityFacadeTest" skipped="0" tests="7" time="9.959" timestamp="2017-09-27T08:21:46">
  <properties>
    <property name="java.vendor" value="Oracle Corporation" />
    <property name="sun.java.launcher" value="SUN_STANDARD" />
    <property name="sonar.projectName" value="group-09-2017" />
    <property name="sun.management.compiler" value="HotSpot 64-Bit Tiered Compilers" />
    <property name="os.name" value="Linux" />
    <property name="sun.boot.class.path" value="/usr/lib/jvm/java-7-openjdk-amd64/jre/lib/resources.jar:/usr/lib/jvm/java-7-openjdk-amd64/jre/lib/rt.jar:/usr/lib/jvm/java-7-openjdk-amd64/jre/lib/sunrsasign.jar:/usr/lib/jvm/java-7-openjdk-amd64/jre/lib/jsse.jar:/usr/lib/jvm/java-7-openjdk-amd64/jre/lib/jce.jar:/usr/lib/jvm/java-7-openjdk-amd64/jre/lib/charsets.jar:/usr/lib/jvm/java-7-openjdk-amd64/jre/lib/rhino.jar:/usr/lib/jvm/java-7-openjdk-amd64/jre/lib/jfr.jar:/usr/lib/jvm/java-7-openjdk-amd64/jre/classes" />
    <property name="java.vm.specification.vendor" value="Oracle Corporation" />
    <property name="ant.home" value="/usr/share/ant" />
    <property name="sonar.projectVersion" value="1.0" />
    <property name="java.runtime.version" value="1.7.0_151-b01" />
    <property name="sonar.jdbc.password" value="sonar_17f4" />
    <property name="user.name" value="nikni292" />
    <property name="user.language" value="en" />
    <property name="sun.boot.library.path" value="/usr/lib/jvm/java-7-openjdk-amd64/jre/lib/amd64" />
    <property name="ant.project.default-target" value="default" />
    <property name="ant.project.name" value="group-09-2017" />
    <property name="java.version" value="1.7.0_151" />
    <property name="user.timezone" value="" />
    <property name="sun.arch.data.model" value="64" />
    <property name="jacoco.report.dir" value="jacoco/report" />
    <property name="sonar.host.url" value="http://www.ida.liu.se/~TDP024/sonar" />
    <property name="java.endorsed.dirs" value="/usr/lib/jvm/java-7-openjdk-amd64/jre/lib/endorsed" />
    <property name="sonar.jdbc.username" value="tdp024_sonar" />
    <property name="sun.cpu.isalist" value="" />
    <property name="sun.jnu.encoding" value="UTF-8" />
    <property name="file.encoding.pkg" value="sun.io" />
    <property name="file.separator" value="/" />
    <property name="java.specification.name" value="Java Platform API Specification" />
    <property name="sonar.sources" value="   account-data-api/src,   account-data-impl-db/src,   account-logic-api/src,   account-logic-impl/src,   account-rest/src/java   " />
    <property name="java.class.version" value="51.0" />
    <property name="user.country" value="GB" />
    <property name="java.home" value="/usr/lib/jvm/java-7-openjdk-amd64/jre" />
    <property name="java.vm.info" value="mixed mode" />
    <property name="sonar.libraries" value="lib/*.jar,lib/jaxb/*.jar,lib/jersey/*.jar" />
    <property name="ant.file" value="/home/nikni292/Desktop/TDP024/group-09-2017.xml" />
    <property name="os.version" value="4.4.0-96-generic" />
    <property name="jacoco.test.dir" value="jacoco/test" />
    <property name="path.separator" value=":" />
    <property name="java.vm.version" value="24.151-b01" />
    <property name="ant.library.dir" value="/usr/share/ant/lib" />
    <property name="sonar.login" value="group-09-2017" />
    <property name="java.awt.printerjob" value="sun.print.PSPrinterJob" />
    <property name="sun.io.unicode.encoding" value="UnicodeLittle" />
    <property name="awt.toolkit" value="sun.awt.X11.XToolkit" />
    <property name="_jacoco.agentFile" value="/tmp/jacocoagent7493080503890243773.jar" />
    <property name="sonar.tests" value="    account-data-test/test,    account-logic-test/test,    account-rest/test    " />
    <property name="jacoco.exec.file" value="jacoco/jacoco.exec" />
    <property name="user.home" value="/home/nikni292" />
    <property name="sonar.binaries" value="   account-data-api/build/classes,   account-data-impl-db/build/classes,   account-logic-api/build/classes,   account-logic-impl/build/classes,   account-rest/build/web/WEB-INF/classes,   account-util/build/classes   " />
    <property name="sonar.language" value="java" />
    <property name="java.specification.vendor" value="Oracle Corporation" />
    <property name="java.library.path" value=":/usr/java/packages/lib/amd64:/usr/lib/x86_64-linux-gnu/jni:/lib/x86_64-linux-gnu:/usr/lib/x86_64-linux-gnu:/usr/lib/jni:/lib:/usr/lib" />
    <property name="java.vendor.url" value="http://java.oracle.com/" />
    <property name="ant.file.group-09-2017" value="/home/nikni292/Desktop/TDP024/group-09-2017.xml" />
    <property name="java.vm.vendor" value="Oracle Corporation" />
    <property name="java.runtime.name" value="OpenJDK Runtime Environment" />
    <property name="sun.java.command" value="org.apache.tools.ant.taskdefs.optional.junit.JUnitTestRunner se.liu.ida.tdp024.account.data.test.facade.AccountEntityFacadeTest skipNonTests=false filtertrace=true haltOnError=false haltOnFailure=false showoutput=false outputtoformatters=true logfailedtests=true logtestlistenerevents=false formatter=org.apache.tools.ant.taskdefs.optional.junit.XMLJUnitResultFormatter,/home/nikni292/Desktop/TDP024/jacoco/test/TEST-se.liu.ida.tdp024.account.data.test.facade.AccountEntityFacadeTest.xml crashfile=/home/nikni292/Desktop/TDP024/junitvmwatcher5773169341458546565.properties propsfile=/home/nikni292/Desktop/TDP024/junit7336356441575689670.properties" />
    <property name="java.class.path" value="/home/nikni292/Desktop/TDP024/account-data-api/build/classes:/home/nikni292/Desktop/TDP024/account-data-impl-db/build/classes:/home/nikni292/Desktop/TDP024/account-logic-api/build/classes:/home/nikni292/Desktop/TDP024/account-logic-impl/build/classes:/home/nikni292/Desktop/TDP024/account-rest/build/web/WEB-INF/classes:/home/nikni292/Desktop/TDP024/account-util/build/classes:/home/nikni292/Desktop/TDP024/account-data-test/build/test/classes:/home/nikni292/Desktop/TDP024/account-logic-test/build/test/classes:/home/nikni292/Desktop/TDP024/account-rest/build/test/classes:/home/nikni292/Desktop/TDP024/lib/ant-contrib-1.0b3.jar:/home/nikni292/Desktop/TDP024/lib/derby.jar:/home/nikni292/Desktop/TDP024/lib/eclipselink-2.3.0.jar:/home/nikni292/Desktop/TDP024/lib/jackson-annotations-2.2.2.jar:/home/nikni292/Desktop/TDP024/lib/jackson-core-2.2.2.jar:/home/nikni292/Desktop/TDP024/lib/jackson-databind-2.2.1.jar:/home/nikni292/Desktop/TDP024/lib/jacocoagent.jar:/home/nikni292/Desktop/TDP024/lib/jacocoant.jar:/home/nikni292/Desktop/TDP024/lib/javax.persistence-2.0.jar:/home/nikni292/Desktop/TDP024/lib/jaxb/activation.jar:/home/nikni292/Desktop/TDP024/lib/jaxb/jaxb-api.jar:/home/nikni292/Desktop/TDP024/lib/jaxb/jsr173_api.jar:/home/nikni292/Desktop/TDP024/lib/jersey/asm-3.1.jar:/home/nikni292/Desktop/TDP024/lib/jersey/jackson-core-asl-1.7.1.jar:/home/nikni292/Desktop/TDP024/lib/jersey/jackson-jaxrs-1.7.1.jar:/home/nikni292/Desktop/TDP024/lib/jersey/jackson-mapper-asl-1.7.1.jar:/home/nikni292/Desktop/TDP024/lib/jersey/jackson-xc-1.7.1.jar:/home/nikni292/Desktop/TDP024/lib/jersey/jersey-apache-client-1.8.jar:/home/nikni292/Desktop/TDP024/lib/jersey/jersey-atom-abdera-1.8.jar:/home/nikni292/Desktop/TDP024/lib/jersey/jersey-client-1.8.jar:/home/nikni292/Desktop/TDP024/lib/jersey/jersey-core-1.8.jar:/home/nikni292/Desktop/TDP024/lib/jersey/jersey-guice-1.8.jar:/home/nikni292/Desktop/TDP024/lib/jersey/jersey-json-1.8.jar:/home/nikni292/Desktop/TDP024/lib/jersey/jersey-multipart-1.8.jar:/home/nikni292/Desktop/TDP024/lib/jersey/jersey-server-1.8.jar:/home/nikni292/Desktop/TDP024/lib/jersey/jersey-simple-server-1.8.jar:/home/nikni292/Desktop/TDP024/lib/jersey/jersey-spring-1.8.jar:/home/nikni292/Desktop/TDP024/lib/jersey/jettison-1.1.jar:/home/nikni292/Desktop/TDP024/lib/jersey/jsr311-api-1.1.1.jar:/home/nikni292/Desktop/TDP024/lib/jersey/oauth-client-1.8.jar:/home/nikni292/Desktop/TDP024/lib/jersey/oauth-server-1.8.jar:/home/nikni292/Desktop/TDP024/lib/jersey/oauth-signature-1.8.jar:/home/nikni292/Desktop/TDP024/lib/junit-4.10.jar:/home/nikni292/Desktop/TDP024/lib/org-netbeans-modules-java-j2seproject-copylibstask.jar:/home/nikni292/Desktop/TDP024/lib/org.eclipse.persistence.jpa.jpql_1.0.0.jar:/home/nikni292/Desktop/TDP024/lib/sonar-ant-task-2.1.jar:/usr/share/java/ant-launcher-1.9.3.jar:/usr/share/ant/lib/ant.jar:/usr/share/ant/lib/ant-junit.jar:/usr/share/ant/lib/ant-junit4.jar:/tmp/jacocoagent7493080503890243773.jar" />
    <property name="ant.version" value="Apache Ant(TM) version 1.9.3 compiled on April 8 2014" />
    <property name="java.vm.specification.name" value="Java Virtual Machine Specification" />
    <property name="ant.file.type" value="file" />
    <property name="ant.file.type.group-09-2017" value="file" />
    <property name="java.vm.specification.version" value="1.7" />
    <property name="sun.cpu.endian" value="little" />
    <property name="sun.os.patch.level" value="unknown" />
    <property name="java.io.tmpdir" value="/tmp" />
    <property name="sonar.jdbc.url" value="jdbc:mysql://db.ida.liu.se:3306/tdp024_sonar?useUnicode=true&amp;characterEncoding=utf8" />
    <property name="java.vendor.url.bug" value="http://bugreport.sun.com/bugreport/" />
    <property name="os.arch" value="amd64" />
    <property name="java.awt.graphicsenv" value="sun.awt.X11GraphicsEnvironment" />
    <property name="java.ext.dirs" value="/usr/lib/jvm/java-7-openjdk-amd64/jre/lib/ext:/usr/java/packages/lib/ext" />
    <property name="libs.CopyLibs.classpath" value="/home/TDP024/netbeans-8.0.1/java/ant/extra/org-netbeans-modules-java-j2seproject-copylibstask.jar" />
    <property name="user.dir" value="/home/nikni292/Desktop/TDP024" />
    <property name="sonar.password" value="FKJK4t2N" />
    <property name="line.separator" value="&#xa;" />
    <property name="java.vm.name" value="OpenJDK 64-Bit Server VM" />
    <property name="basedir" value="/home/nikni292/Desktop/TDP024" />
    <property name="ant.java.version" value="1.7" />
    <property name="ant.core.lib" value="/usr/share/ant/lib/ant.jar" />
    <property name="file.encoding" value="UTF-8" />
    <property name="java.specification.version" value="1.7" />
    <property name="ant.project.invoked-targets" value="jacoco" />
    <property name="sonar.projectKey" value="group-09-2017" />
  </properties>
  <testcase classname="se.liu.ida.tdp024.account.data.test.facade.AccountEntityFacadeTest" name="testCreate" time="4.173" />
  <testcase classname="se.liu.ida.tdp024.account.data.test.facade.AccountEntityFacadeTest" name="testFind" time="0.651" />
  <testcase classname="se.liu.ida.tdp024.account.data.test.facade.AccountEntityFacadeTest" name="testDebit" time="1.211" />
  <testcase classname="se.liu.ida.tdp024.account.data.test.facade.AccountEntityFacadeTest" name="testCreditTransaction" time="1.179" />
  <testcase classname="se.liu.ida.tdp024.account.data.test.facade.AccountEntityFacadeTest" name="testTransactions" time="0.263" />
  <testcase classname="se.liu.ida.tdp024.account.data.test.facade.AccountEntityFacadeTest" name="testCredit" time="1.236" />
  <testcase classname="se.liu.ida.tdp024.account.data.test.facade.AccountEntityFacadeTest" name="testDebitTransaction" time="1.069" />
  <system-out><![CDATA[[EL Info]: 2017-09-27 10:21:48.186--ServerSession(1877630419)--EclipseLink, version: Eclipse Persistence Services - 2.3.0.v20110604-r9504
[EL Info]: 2017-09-27 10:21:50.286--ServerSession(1877630419)--file:/home/nikni292/Desktop/TDP024/account-data-impl-db/build/classes/_account-dataPU login successful
[EL Warning]: 2017-09-27 10:21:50.557--ServerSession(1877630419)--Exception [EclipseLink-4002] (Eclipse Persistence Services - 2.3.0.v20110604-r9504): org.eclipse.persistence.exceptions.DatabaseException
Internal Exception: java.sql.SQLSyntaxErrorException: 'ALTER TABLE' cannot be performed on 'TRANSACTIONDB' because it does not exist.
Error Code: 30000
Call: ALTER TABLE TRANSACTIONDB DROP CONSTRAINT TRNSACTIONDBCCNTID
Query: DataModifyQuery(sql="ALTER TABLE TRANSACTIONDB DROP CONSTRAINT TRNSACTIONDBCCNTID")
[EL Warning]: 2017-09-27 10:21:50.562--ServerSession(1877630419)--Exception [EclipseLink-4002] (Eclipse Persistence Services - 2.3.0.v20110604-r9504): org.eclipse.persistence.exceptions.DatabaseException
Internal Exception: java.sql.SQLSyntaxErrorException: 'DROP TABLE' cannot be performed on 'ACCOUNTDB' because it does not exist.
Error Code: 30000
Call: DROP TABLE ACCOUNTDB
Query: DataModifyQuery(sql="DROP TABLE ACCOUNTDB")
[EL Warning]: 2017-09-27 10:21:50.639--ServerSession(1877630419)--Exception [EclipseLink-4002] (Eclipse Persistence Services - 2.3.0.v20110604-r9504): org.eclipse.persistence.exceptions.DatabaseException
Internal Exception: java.sql.SQLSyntaxErrorException: 'DROP TABLE' cannot be performed on 'TRANSACTIONDB' because it does not exist.
Error Code: 30000
Call: DROP TABLE TRANSACTIONDB
Query: DataModifyQuery(sql="DROP TABLE TRANSACTIONDB")
[EL Info]: 2017-09-27 10:21:51.046--ServerSession(1877630419)--file:/home/nikni292/Desktop/TDP024/account-data-impl-db/build/classes/_account-dataPU logout successful
[EL Info]: 2017-09-27 10:21:51.101--ServerSession(1580278850)--EclipseLink, version: Eclipse Persistence Services - 2.3.0.v20110604-r9504
[EL Info]: 2017-09-27 10:21:51.109--ServerSession(1580278850)--file:/home/nikni292/Desktop/TDP024/account-data-impl-db/build/classes/_account-dataPU login successful
[EL Warning]: 2017-09-27 10:21:51.271--ServerSession(1580278850)--Exception [EclipseLink-4002] (Eclipse Persistence Services - 2.3.0.v20110604-r9504): org.eclipse.persistence.exceptions.DatabaseException
Internal Exception: java.sql.SQLException: Table/View 'SEQUENCE' already exists in Schema 'APP'.
Error Code: 30000
Call: CREATE TABLE SEQUENCE (SEQ_NAME VARCHAR(50) NOT NULL, SEQ_COUNT DECIMAL(15), PRIMARY KEY (SEQ_NAME))
Query: DataModifyQuery(sql="CREATE TABLE SEQUENCE (SEQ_NAME VARCHAR(50) NOT NULL, SEQ_COUNT DECIMAL(15), PRIMARY KEY (SEQ_NAME))")
[EL Info]: 2017-09-27 10:21:51.703--ServerSession(1580278850)--file:/home/nikni292/Desktop/TDP024/account-data-impl-db/build/classes/_account-dataPU logout successful
[EL Info]: 2017-09-27 10:21:51.754--ServerSession(1703057394)--EclipseLink, version: Eclipse Persistence Services - 2.3.0.v20110604-r9504
[EL Info]: 2017-09-27 10:21:51.759--ServerSession(1703057394)--file:/home/nikni292/Desktop/TDP024/account-data-impl-db/build/classes/_account-dataPU login successful
[EL Warning]: 2017-09-27 10:21:51.874--ServerSession(1703057394)--Exception [EclipseLink-4002] (Eclipse Persistence Services - 2.3.0.v20110604-r9504): org.eclipse.persistence.exceptions.DatabaseException
Internal Exception: java.sql.SQLException: Table/View 'SEQUENCE' already exists in Schema 'APP'.
Error Code: 30000
Call: CREATE TABLE SEQUENCE (SEQ_NAME VARCHAR(50) NOT NULL, SEQ_COUNT DECIMAL(15), PRIMARY KEY (SEQ_NAME))
Query: DataModifyQuery(sql="CREATE TABLE SEQUENCE (SEQ_NAME VARCHAR(50) NOT NULL, SEQ_COUNT DECIMAL(15), PRIMARY KEY (SEQ_NAME))")
[EL Info]: 2017-09-27 10:21:52.918--ServerSession(1703057394)--file:/home/nikni292/Desktop/TDP024/account-data-impl-db/build/classes/_account-dataPU logout successful
[EL Info]: 2017-09-27 10:21:52.975--ServerSession(1338098789)--EclipseLink, version: Eclipse Persistence Services - 2.3.0.v20110604-r9504
[EL Info]: 2017-09-27 10:21:52.985--ServerSession(1338098789)--file:/home/nikni292/Desktop/TDP024/account-data-impl-db/build/classes/_account-dataPU login successful
[EL Warning]: 2017-09-27 10:21:53.112--ServerSession(1338098789)--Exception [EclipseLink-4002] (Eclipse Persistence Services - 2.3.0.v20110604-r9504): org.eclipse.persistence.exceptions.DatabaseException
Internal Exception: java.sql.SQLException: Table/View 'SEQUENCE' already exists in Schema 'APP'.
Error Code: 30000
Call: CREATE TABLE SEQUENCE (SEQ_NAME VARCHAR(50) NOT NULL, SEQ_COUNT DECIMAL(15), PRIMARY KEY (SEQ_NAME))
Query: DataModifyQuery(sql="CREATE TABLE SEQUENCE (SEQ_NAME VARCHAR(50) NOT NULL, SEQ_COUNT DECIMAL(15), PRIMARY KEY (SEQ_NAME))")
[EL Info]: 2017-09-27 10:21:54.103--ServerSession(1338098789)--file:/home/nikni292/Desktop/TDP024/account-data-impl-db/build/classes/_account-dataPU logout successful
[EL Info]: 2017-09-27 10:21:54.163--ServerSession(1747809772)--EclipseLink, version: Eclipse Persistence Services - 2.3.0.v20110604-r9504
[EL Info]: 2017-09-27 10:21:54.17--ServerSession(1747809772)--file:/home/nikni292/Desktop/TDP024/account-data-impl-db/build/classes/_account-dataPU login successful
[EL Warning]: 2017-09-27 10:21:54.264--ServerSession(1747809772)--Exception [EclipseLink-4002] (Eclipse Persistence Services - 2.3.0.v20110604-r9504): org.eclipse.persistence.exceptions.DatabaseException
Internal Exception: java.sql.SQLException: Table/View 'SEQUENCE' already exists in Schema 'APP'.
Error Code: 30000
Call: CREATE TABLE SEQUENCE (SEQ_NAME VARCHAR(50) NOT NULL, SEQ_COUNT DECIMAL(15), PRIMARY KEY (SEQ_NAME))
Query: DataModifyQuery(sql="CREATE TABLE SEQUENCE (SEQ_NAME VARCHAR(50) NOT NULL, SEQ_COUNT DECIMAL(15), PRIMARY KEY (SEQ_NAME))")
[EL Info]: 2017-09-27 10:21:54.372--ServerSession(1747809772)--file:/home/nikni292/Desktop/TDP024/account-data-impl-db/build/classes/_account-dataPU logout successful
[EL Info]: 2017-09-27 10:21:54.419--ServerSession(2074332739)--EclipseLink, version: Eclipse Persistence Services - 2.3.0.v20110604-r9504
[EL Info]: 2017-09-27 10:21:54.425--ServerSession(2074332739)--file:/home/nikni292/Desktop/TDP024/account-data-impl-db/build/classes/_account-dataPU login successful
[EL Warning]: 2017-09-27 10:21:54.531--ServerSession(2074332739)--Exception [EclipseLink-4002] (Eclipse Persistence Services - 2.3.0.v20110604-r9504): org.eclipse.persistence.exceptions.DatabaseException
Internal Exception: java.sql.SQLException: Table/View 'SEQUENCE' already exists in Schema 'APP'.
Error Code: 30000
Call: CREATE TABLE SEQUENCE (SEQ_NAME VARCHAR(50) NOT NULL, SEQ_COUNT DECIMAL(15), PRIMARY KEY (SEQ_NAME))
Query: DataModifyQuery(sql="CREATE TABLE SEQUENCE (SEQ_NAME VARCHAR(50) NOT NULL, SEQ_COUNT DECIMAL(15), PRIMARY KEY (SEQ_NAME))")
[<AccountDB id:1, pKey:1, bKey:1, hold:100>]
[EL Info]: 2017-09-27 10:21:55.612--ServerSession(2074332739)--file:/home/nikni292/Desktop/TDP024/account-data-impl-db/build/classes/_account-dataPU logout successful
[EL Info]: 2017-09-27 10:21:55.665--ServerSession(78855780)--EclipseLink, version: Eclipse Persistence Services - 2.3.0.v20110604-r9504
[EL Info]: 2017-09-27 10:21:55.671--ServerSession(78855780)--file:/home/nikni292/Desktop/TDP024/account-data-impl-db/build/classes/_account-dataPU login successful
[EL Warning]: 2017-09-27 10:21:55.771--ServerSession(78855780)--Exception [EclipseLink-4002] (Eclipse Persistence Services - 2.3.0.v20110604-r9504): org.eclipse.persistence.exceptions.DatabaseException
Internal Exception: java.sql.SQLException: Table/View 'SEQUENCE' already exists in Schema 'APP'.
Error Code: 30000
Call: CREATE TABLE SEQUENCE (SEQ_NAME VARCHAR(50) NOT NULL, SEQ_COUNT DECIMAL(15), PRIMARY KEY (SEQ_NAME))
Query: DataModifyQuery(sql="CREATE TABLE SEQUENCE (SEQ_NAME VARCHAR(50) NOT NULL, SEQ_COUNT DECIMAL(15), PRIMARY KEY (SEQ_NAME))")
[EL Info]: 2017-09-27 10:21:56.688--ServerSession(78855780)--file:/home/nikni292/Desktop/TDP024/account-data-impl-db/build/classes/_account-dataPU logout successful
]]></system-out>
  <system-err><![CDATA[]]></system-err>
</testsuite>
